ARM GAS  /tmp/cc8tox8x.s 			page 1


   1              		.cpu cortex-m4
   2              		.eabi_attribute 27, 1
   3              		.eabi_attribute 28, 1
   4              		.eabi_attribute 20, 1
   5              		.eabi_attribute 21, 1
   6              		.eabi_attribute 23, 3
   7              		.eabi_attribute 24, 1
   8              		.eabi_attribute 25, 1
   9              		.eabi_attribute 26, 1
  10              		.eabi_attribute 30, 1
  11              		.eabi_attribute 34, 1
  12              		.eabi_attribute 18, 4
  13              		.file	"gpio.c"
  14              		.text
  15              	.Ltext0:
  16              		.cfi_sections	.debug_frame
  17              		.section	.text.MX_GPIO_Init,"ax",%progbits
  18              		.align	1
  19              		.global	MX_GPIO_Init
  20              		.arch armv7e-m
  21              		.syntax unified
  22              		.thumb
  23              		.thumb_func
  24              		.fpu fpv4-sp-d16
  26              	MX_GPIO_Init:
  27              	.LFB134:
  28              		.file 1 "Core/Src/gpio.c"
   1:Core/Src/gpio.c **** /* USER CODE BEGIN Header */
   2:Core/Src/gpio.c **** /**
   3:Core/Src/gpio.c ****   ******************************************************************************
   4:Core/Src/gpio.c ****   * @file    gpio.c
   5:Core/Src/gpio.c ****   * @brief   This file provides code for the configuration
   6:Core/Src/gpio.c ****   *          of all used GPIO pins.
   7:Core/Src/gpio.c ****   ******************************************************************************
   8:Core/Src/gpio.c ****   * @attention
   9:Core/Src/gpio.c ****   *
  10:Core/Src/gpio.c ****   * Copyright (c) 2024 STMicroelectronics.
  11:Core/Src/gpio.c ****   * All rights reserved.
  12:Core/Src/gpio.c ****   *
  13:Core/Src/gpio.c ****   * This software is licensed under terms that can be found in the LICENSE file
  14:Core/Src/gpio.c ****   * in the root directory of this software component.
  15:Core/Src/gpio.c ****   * If no LICENSE file comes with this software, it is provided AS-IS.
  16:Core/Src/gpio.c ****   *
  17:Core/Src/gpio.c ****   ******************************************************************************
  18:Core/Src/gpio.c ****   */
  19:Core/Src/gpio.c **** /* USER CODE END Header */
  20:Core/Src/gpio.c **** 
  21:Core/Src/gpio.c **** /* Includes ------------------------------------------------------------------*/
  22:Core/Src/gpio.c **** #include "gpio.h"
  23:Core/Src/gpio.c **** 
  24:Core/Src/gpio.c **** /* USER CODE BEGIN 0 */
  25:Core/Src/gpio.c **** 
  26:Core/Src/gpio.c **** /* USER CODE END 0 */
  27:Core/Src/gpio.c **** 
  28:Core/Src/gpio.c **** /*----------------------------------------------------------------------------*/
  29:Core/Src/gpio.c **** /* Configure GPIO                                                             */
  30:Core/Src/gpio.c **** /*----------------------------------------------------------------------------*/
ARM GAS  /tmp/cc8tox8x.s 			page 2


  31:Core/Src/gpio.c **** /* USER CODE BEGIN 1 */
  32:Core/Src/gpio.c **** 
  33:Core/Src/gpio.c **** /* USER CODE END 1 */
  34:Core/Src/gpio.c **** 
  35:Core/Src/gpio.c **** /** Configure pins as
  36:Core/Src/gpio.c ****         * Analog
  37:Core/Src/gpio.c ****         * Input
  38:Core/Src/gpio.c ****         * Output
  39:Core/Src/gpio.c ****         * EVENT_OUT
  40:Core/Src/gpio.c ****         * EXTI
  41:Core/Src/gpio.c **** */
  42:Core/Src/gpio.c **** void MX_GPIO_Init(void)
  43:Core/Src/gpio.c **** {
  29              		.loc 1 43 1 view -0
  30              		.cfi_startproc
  31              		@ args = 0, pretend = 0, frame = 40
  32              		@ frame_needed = 0, uses_anonymous_args = 0
  33 0000 2DE9F041 		push	{r4, r5, r6, r7, r8, lr}
  34              	.LCFI0:
  35              		.cfi_def_cfa_offset 24
  36              		.cfi_offset 4, -24
  37              		.cfi_offset 5, -20
  38              		.cfi_offset 6, -16
  39              		.cfi_offset 7, -12
  40              		.cfi_offset 8, -8
  41              		.cfi_offset 14, -4
  42 0004 8AB0     		sub	sp, sp, #40
  43              	.LCFI1:
  44              		.cfi_def_cfa_offset 64
  44:Core/Src/gpio.c **** 
  45:Core/Src/gpio.c ****   GPIO_InitTypeDef GPIO_InitStruct = {0};
  45              		.loc 1 45 3 view .LVU1
  46              		.loc 1 45 20 is_stmt 0 view .LVU2
  47 0006 0024     		movs	r4, #0
  48 0008 0594     		str	r4, [sp, #20]
  49 000a 0694     		str	r4, [sp, #24]
  50 000c 0794     		str	r4, [sp, #28]
  51 000e 0894     		str	r4, [sp, #32]
  52 0010 0994     		str	r4, [sp, #36]
  46:Core/Src/gpio.c **** 
  47:Core/Src/gpio.c ****   /* GPIO Ports Clock Enable */
  48:Core/Src/gpio.c ****   __HAL_RCC_GPIOE_CLK_ENABLE();
  53              		.loc 1 48 3 is_stmt 1 view .LVU3
  54              	.LBB2:
  55              		.loc 1 48 3 view .LVU4
  56 0012 0094     		str	r4, [sp]
  57              		.loc 1 48 3 view .LVU5
  58 0014 384B     		ldr	r3, .L3
  59 0016 1A6B     		ldr	r2, [r3, #48]
  60 0018 42F01002 		orr	r2, r2, #16
  61 001c 1A63     		str	r2, [r3, #48]
  62              		.loc 1 48 3 view .LVU6
  63 001e 1A6B     		ldr	r2, [r3, #48]
  64 0020 02F01002 		and	r2, r2, #16
  65 0024 0092     		str	r2, [sp]
  66              		.loc 1 48 3 view .LVU7
  67 0026 009A     		ldr	r2, [sp]
ARM GAS  /tmp/cc8tox8x.s 			page 3


  68              	.LBE2:
  69              		.loc 1 48 3 view .LVU8
  49:Core/Src/gpio.c ****   __HAL_RCC_GPIOC_CLK_ENABLE();
  70              		.loc 1 49 3 view .LVU9
  71              	.LBB3:
  72              		.loc 1 49 3 view .LVU10
  73 0028 0194     		str	r4, [sp, #4]
  74              		.loc 1 49 3 view .LVU11
  75 002a 1A6B     		ldr	r2, [r3, #48]
  76 002c 42F00402 		orr	r2, r2, #4
  77 0030 1A63     		str	r2, [r3, #48]
  78              		.loc 1 49 3 view .LVU12
  79 0032 1A6B     		ldr	r2, [r3, #48]
  80 0034 02F00402 		and	r2, r2, #4
  81 0038 0192     		str	r2, [sp, #4]
  82              		.loc 1 49 3 view .LVU13
  83 003a 019A     		ldr	r2, [sp, #4]
  84              	.LBE3:
  85              		.loc 1 49 3 view .LVU14
  50:Core/Src/gpio.c ****   __HAL_RCC_GPIOH_CLK_ENABLE();
  86              		.loc 1 50 3 view .LVU15
  87              	.LBB4:
  88              		.loc 1 50 3 view .LVU16
  89 003c 0294     		str	r4, [sp, #8]
  90              		.loc 1 50 3 view .LVU17
  91 003e 1A6B     		ldr	r2, [r3, #48]
  92 0040 42F08002 		orr	r2, r2, #128
  93 0044 1A63     		str	r2, [r3, #48]
  94              		.loc 1 50 3 view .LVU18
  95 0046 1A6B     		ldr	r2, [r3, #48]
  96 0048 02F08002 		and	r2, r2, #128
  97 004c 0292     		str	r2, [sp, #8]
  98              		.loc 1 50 3 view .LVU19
  99 004e 029A     		ldr	r2, [sp, #8]
 100              	.LBE4:
 101              		.loc 1 50 3 view .LVU20
  51:Core/Src/gpio.c ****   __HAL_RCC_GPIOA_CLK_ENABLE();
 102              		.loc 1 51 3 view .LVU21
 103              	.LBB5:
 104              		.loc 1 51 3 view .LVU22
 105 0050 0394     		str	r4, [sp, #12]
 106              		.loc 1 51 3 view .LVU23
 107 0052 1A6B     		ldr	r2, [r3, #48]
 108 0054 42F00102 		orr	r2, r2, #1
 109 0058 1A63     		str	r2, [r3, #48]
 110              		.loc 1 51 3 view .LVU24
 111 005a 1A6B     		ldr	r2, [r3, #48]
 112 005c 02F00102 		and	r2, r2, #1
 113 0060 0392     		str	r2, [sp, #12]
 114              		.loc 1 51 3 view .LVU25
 115 0062 039A     		ldr	r2, [sp, #12]
 116              	.LBE5:
 117              		.loc 1 51 3 view .LVU26
  52:Core/Src/gpio.c ****   __HAL_RCC_GPIOD_CLK_ENABLE();
 118              		.loc 1 52 3 view .LVU27
 119              	.LBB6:
 120              		.loc 1 52 3 view .LVU28
ARM GAS  /tmp/cc8tox8x.s 			page 4


 121 0064 0494     		str	r4, [sp, #16]
 122              		.loc 1 52 3 view .LVU29
 123 0066 1A6B     		ldr	r2, [r3, #48]
 124 0068 42F00802 		orr	r2, r2, #8
 125 006c 1A63     		str	r2, [r3, #48]
 126              		.loc 1 52 3 view .LVU30
 127 006e 1B6B     		ldr	r3, [r3, #48]
 128 0070 03F00803 		and	r3, r3, #8
 129 0074 0493     		str	r3, [sp, #16]
 130              		.loc 1 52 3 view .LVU31
 131 0076 049B     		ldr	r3, [sp, #16]
 132              	.LBE6:
 133              		.loc 1 52 3 view .LVU32
  53:Core/Src/gpio.c **** 
  54:Core/Src/gpio.c ****   /*Configure GPIO pin Output Level */
  55:Core/Src/gpio.c ****   HAL_GPIO_WritePin(GPIOE, GPIO_PIN_3, GPIO_PIN_RESET);
 134              		.loc 1 55 3 view .LVU33
 135 0078 DFF88880 		ldr	r8, .L3+12
 136 007c 2246     		mov	r2, r4
 137 007e 0821     		movs	r1, #8
 138 0080 4046     		mov	r0, r8
 139 0082 FFF7FEFF 		bl	HAL_GPIO_WritePin
 140              	.LVL0:
  56:Core/Src/gpio.c **** 
  57:Core/Src/gpio.c ****   /*Configure GPIO pin Output Level */
  58:Core/Src/gpio.c ****   HAL_GPIO_WritePin(GPIOC, GPIO_PIN_14, GPIO_PIN_RESET);
 141              		.loc 1 58 3 view .LVU34
 142 0086 1D4F     		ldr	r7, .L3+4
 143 0088 2246     		mov	r2, r4
 144 008a 4FF48041 		mov	r1, #16384
 145 008e 3846     		mov	r0, r7
 146 0090 FFF7FEFF 		bl	HAL_GPIO_WritePin
 147              	.LVL1:
  59:Core/Src/gpio.c **** 
  60:Core/Src/gpio.c ****   /*Configure GPIO pin Output Level */
  61:Core/Src/gpio.c ****   HAL_GPIO_WritePin(GPIOD, GPIO_PIN_12|GPIO_PIN_13|GPIO_PIN_14|GPIO_PIN_15, GPIO_PIN_RESET);
 148              		.loc 1 61 3 view .LVU35
 149 0094 1A4D     		ldr	r5, .L3+8
 150 0096 2246     		mov	r2, r4
 151 0098 4FF47041 		mov	r1, #61440
 152 009c 2846     		mov	r0, r5
 153 009e FFF7FEFF 		bl	HAL_GPIO_WritePin
 154              	.LVL2:
  62:Core/Src/gpio.c **** 
  63:Core/Src/gpio.c ****   /*Configure GPIO pin : PE3 */
  64:Core/Src/gpio.c ****   GPIO_InitStruct.Pin = GPIO_PIN_3;
 155              		.loc 1 64 3 view .LVU36
 156              		.loc 1 64 23 is_stmt 0 view .LVU37
 157 00a2 0823     		movs	r3, #8
 158 00a4 0593     		str	r3, [sp, #20]
  65:Core/Src/gpio.c ****   GPIO_InitStruct.Mode = GPIO_MODE_OUTPUT_PP;
 159              		.loc 1 65 3 is_stmt 1 view .LVU38
 160              		.loc 1 65 24 is_stmt 0 view .LVU39
 161 00a6 0126     		movs	r6, #1
 162 00a8 0696     		str	r6, [sp, #24]
  66:Core/Src/gpio.c ****   GPIO_InitStruct.Pull = GPIO_NOPULL;
 163              		.loc 1 66 3 is_stmt 1 view .LVU40
ARM GAS  /tmp/cc8tox8x.s 			page 5


 164              		.loc 1 66 24 is_stmt 0 view .LVU41
 165 00aa 0794     		str	r4, [sp, #28]
  67:Core/Src/gpio.c ****   GPIO_InitStruct.Speed = GPIO_SPEED_FREQ_LOW;
 166              		.loc 1 67 3 is_stmt 1 view .LVU42
 167              		.loc 1 67 25 is_stmt 0 view .LVU43
 168 00ac 0894     		str	r4, [sp, #32]
  68:Core/Src/gpio.c ****   HAL_GPIO_Init(GPIOE, &GPIO_InitStruct);
 169              		.loc 1 68 3 is_stmt 1 view .LVU44
 170 00ae 05A9     		add	r1, sp, #20
 171 00b0 4046     		mov	r0, r8
 172 00b2 FFF7FEFF 		bl	HAL_GPIO_Init
 173              	.LVL3:
  69:Core/Src/gpio.c **** 
  70:Core/Src/gpio.c ****   /*Configure GPIO pin : PC14 */
  71:Core/Src/gpio.c ****   GPIO_InitStruct.Pin = GPIO_PIN_14;
 174              		.loc 1 71 3 view .LVU45
 175              		.loc 1 71 23 is_stmt 0 view .LVU46
 176 00b6 4FF48043 		mov	r3, #16384
 177 00ba 0593     		str	r3, [sp, #20]
  72:Core/Src/gpio.c ****   GPIO_InitStruct.Mode = GPIO_MODE_OUTPUT_PP;
 178              		.loc 1 72 3 is_stmt 1 view .LVU47
 179              		.loc 1 72 24 is_stmt 0 view .LVU48
 180 00bc 0696     		str	r6, [sp, #24]
  73:Core/Src/gpio.c ****   GPIO_InitStruct.Pull = GPIO_NOPULL;
 181              		.loc 1 73 3 is_stmt 1 view .LVU49
 182              		.loc 1 73 24 is_stmt 0 view .LVU50
 183 00be 0794     		str	r4, [sp, #28]
  74:Core/Src/gpio.c ****   GPIO_InitStruct.Speed = GPIO_SPEED_FREQ_LOW;
 184              		.loc 1 74 3 is_stmt 1 view .LVU51
 185              		.loc 1 74 25 is_stmt 0 view .LVU52
 186 00c0 0894     		str	r4, [sp, #32]
  75:Core/Src/gpio.c ****   HAL_GPIO_Init(GPIOC, &GPIO_InitStruct);
 187              		.loc 1 75 3 is_stmt 1 view .LVU53
 188 00c2 05A9     		add	r1, sp, #20
 189 00c4 3846     		mov	r0, r7
 190 00c6 FFF7FEFF 		bl	HAL_GPIO_Init
 191              	.LVL4:
  76:Core/Src/gpio.c **** 
  77:Core/Src/gpio.c ****   /*Configure GPIO pin : PD10 */
  78:Core/Src/gpio.c ****   GPIO_InitStruct.Pin = GPIO_PIN_10;
 192              		.loc 1 78 3 view .LVU54
 193              		.loc 1 78 23 is_stmt 0 view .LVU55
 194 00ca 4FF48063 		mov	r3, #1024
 195 00ce 0593     		str	r3, [sp, #20]
  79:Core/Src/gpio.c ****   GPIO_InitStruct.Mode = GPIO_MODE_INPUT;
 196              		.loc 1 79 3 is_stmt 1 view .LVU56
 197              		.loc 1 79 24 is_stmt 0 view .LVU57
 198 00d0 0694     		str	r4, [sp, #24]
  80:Core/Src/gpio.c ****   GPIO_InitStruct.Pull = GPIO_NOPULL;
 199              		.loc 1 80 3 is_stmt 1 view .LVU58
 200              		.loc 1 80 24 is_stmt 0 view .LVU59
 201 00d2 0794     		str	r4, [sp, #28]
  81:Core/Src/gpio.c ****   HAL_GPIO_Init(GPIOD, &GPIO_InitStruct);
 202              		.loc 1 81 3 is_stmt 1 view .LVU60
 203 00d4 05A9     		add	r1, sp, #20
 204 00d6 2846     		mov	r0, r5
 205 00d8 FFF7FEFF 		bl	HAL_GPIO_Init
ARM GAS  /tmp/cc8tox8x.s 			page 6


 206              	.LVL5:
  82:Core/Src/gpio.c **** 
  83:Core/Src/gpio.c ****   /*Configure GPIO pins : PD12 PD13 PD14 PD15 */
  84:Core/Src/gpio.c ****   GPIO_InitStruct.Pin = GPIO_PIN_12|GPIO_PIN_13|GPIO_PIN_14|GPIO_PIN_15;
 207              		.loc 1 84 3 view .LVU61
 208              		.loc 1 84 23 is_stmt 0 view .LVU62
 209 00dc 4FF47043 		mov	r3, #61440
 210 00e0 0593     		str	r3, [sp, #20]
  85:Core/Src/gpio.c ****   GPIO_InitStruct.Mode = GPIO_MODE_OUTPUT_PP;
 211              		.loc 1 85 3 is_stmt 1 view .LVU63
 212              		.loc 1 85 24 is_stmt 0 view .LVU64
 213 00e2 0696     		str	r6, [sp, #24]
  86:Core/Src/gpio.c ****   GPIO_InitStruct.Pull = GPIO_NOPULL;
 214              		.loc 1 86 3 is_stmt 1 view .LVU65
 215              		.loc 1 86 24 is_stmt 0 view .LVU66
 216 00e4 0794     		str	r4, [sp, #28]
  87:Core/Src/gpio.c ****   GPIO_InitStruct.Speed = GPIO_SPEED_FREQ_LOW;
 217              		.loc 1 87 3 is_stmt 1 view .LVU67
 218              		.loc 1 87 25 is_stmt 0 view .LVU68
 219 00e6 0894     		str	r4, [sp, #32]
  88:Core/Src/gpio.c ****   HAL_GPIO_Init(GPIOD, &GPIO_InitStruct);
 220              		.loc 1 88 3 is_stmt 1 view .LVU69
 221 00e8 05A9     		add	r1, sp, #20
 222 00ea 2846     		mov	r0, r5
 223 00ec FFF7FEFF 		bl	HAL_GPIO_Init
 224              	.LVL6:
  89:Core/Src/gpio.c **** 
  90:Core/Src/gpio.c **** }
 225              		.loc 1 90 1 is_stmt 0 view .LVU70
 226 00f0 0AB0     		add	sp, sp, #40
 227              	.LCFI2:
 228              		.cfi_def_cfa_offset 24
 229              		@ sp needed
 230 00f2 BDE8F081 		pop	{r4, r5, r6, r7, r8, pc}
 231              	.L4:
 232 00f6 00BF     		.align	2
 233              	.L3:
 234 00f8 00380240 		.word	1073887232
 235 00fc 00080240 		.word	1073874944
 236 0100 000C0240 		.word	1073875968
 237 0104 00100240 		.word	1073876992
 238              		.cfi_endproc
 239              	.LFE134:
 241              		.text
 242              	.Letext0:
 243              		.file 2 "/usr/lib/gcc/arm-none-eabi/10.3.1/include/stdint.h"
 244              		.file 3 "Drivers/CMSIS/Device/ST/STM32F4xx/Include/stm32f407xx.h"
 245              		.file 4 "Drivers/STM32F4xx_HAL_Driver/Inc/stm32f4xx_hal_gpio.h"
ARM GAS  /tmp/cc8tox8x.s 			page 7


DEFINED SYMBOLS
                            *ABS*:0000000000000000 gpio.c
     /tmp/cc8tox8x.s:18     .text.MX_GPIO_Init:0000000000000000 $t
     /tmp/cc8tox8x.s:26     .text.MX_GPIO_Init:0000000000000000 MX_GPIO_Init
     /tmp/cc8tox8x.s:234    .text.MX_GPIO_Init:00000000000000f8 $d

UNDEFINED SYMBOLS
HAL_GPIO_WritePin
HAL_GPIO_Init
