ARM GAS  /tmp/ccvsnYbu.s 			page 1


   1              		.cpu cortex-m4
   2              		.arch armv7e-m
   3              		.fpu fpv4-sp-d16
   4              		.eabi_attribute 27, 1
   5              		.eabi_attribute 28, 1
   6              		.eabi_attribute 20, 1
   7              		.eabi_attribute 21, 1
   8              		.eabi_attribute 23, 3
   9              		.eabi_attribute 24, 1
  10              		.eabi_attribute 25, 1
  11              		.eabi_attribute 26, 1
  12              		.eabi_attribute 30, 1
  13              		.eabi_attribute 34, 1
  14              		.eabi_attribute 18, 4
  15              		.file	"usart.c"
  16              		.text
  17              	.Ltext0:
  18              		.cfi_sections	.debug_frame
  19              		.file 1 "Core/Src/usart.c"
  20              		.section	.text.MX_USART1_UART_Init,"ax",%progbits
  21              		.align	1
  22              		.global	MX_USART1_UART_Init
  23              		.syntax unified
  24              		.thumb
  25              		.thumb_func
  27              	MX_USART1_UART_Init:
  28              	.LFB134:
   1:Core/Src/usart.c **** /* USER CODE BEGIN Header */
   2:Core/Src/usart.c **** /**
   3:Core/Src/usart.c ****   ******************************************************************************
   4:Core/Src/usart.c ****   * @file    usart.c
   5:Core/Src/usart.c ****   * @brief   This file provides code for the configuration
   6:Core/Src/usart.c ****   *          of the USART instances.
   7:Core/Src/usart.c ****   ******************************************************************************
   8:Core/Src/usart.c ****   * @attention
   9:Core/Src/usart.c ****   *
  10:Core/Src/usart.c ****   * Copyright (c) 2024 STMicroelectronics.
  11:Core/Src/usart.c ****   * All rights reserved.
  12:Core/Src/usart.c ****   *
  13:Core/Src/usart.c ****   * This software is licensed under terms that can be found in the LICENSE file
  14:Core/Src/usart.c ****   * in the root directory of this software component.
  15:Core/Src/usart.c ****   * If no LICENSE file comes with this software, it is provided AS-IS.
  16:Core/Src/usart.c ****   *
  17:Core/Src/usart.c ****   ******************************************************************************
  18:Core/Src/usart.c ****   */
  19:Core/Src/usart.c **** /* USER CODE END Header */
  20:Core/Src/usart.c **** /* Includes ------------------------------------------------------------------*/
  21:Core/Src/usart.c **** #include "usart.h"
  22:Core/Src/usart.c **** 
  23:Core/Src/usart.c **** /* USER CODE BEGIN 0 */
  24:Core/Src/usart.c **** 
  25:Core/Src/usart.c **** /* USER CODE END 0 */
  26:Core/Src/usart.c **** 
  27:Core/Src/usart.c **** UART_HandleTypeDef huart1;
  28:Core/Src/usart.c **** DMA_HandleTypeDef hdma_usart1_rx;
  29:Core/Src/usart.c **** 
  30:Core/Src/usart.c **** /* USART1 init function */
ARM GAS  /tmp/ccvsnYbu.s 			page 2


  31:Core/Src/usart.c **** 
  32:Core/Src/usart.c **** void MX_USART1_UART_Init(void)
  33:Core/Src/usart.c **** {
  29              		.loc 1 33 1 view -0
  30              		.cfi_startproc
  31              		@ args = 0, pretend = 0, frame = 0
  32              		@ frame_needed = 0, uses_anonymous_args = 0
  33 0000 08B5     		push	{r3, lr}
  34              	.LCFI0:
  35              		.cfi_def_cfa_offset 8
  36              		.cfi_offset 3, -8
  37              		.cfi_offset 14, -4
  34:Core/Src/usart.c **** 
  35:Core/Src/usart.c ****   /* USER CODE BEGIN USART1_Init 0 */
  36:Core/Src/usart.c **** 
  37:Core/Src/usart.c ****   /* USER CODE END USART1_Init 0 */
  38:Core/Src/usart.c **** 
  39:Core/Src/usart.c ****   /* USER CODE BEGIN USART1_Init 1 */
  40:Core/Src/usart.c **** 
  41:Core/Src/usart.c ****   /* USER CODE END USART1_Init 1 */
  42:Core/Src/usart.c ****   huart1.Instance = USART1;
  38              		.loc 1 42 3 view .LVU1
  39              		.loc 1 42 19 is_stmt 0 view .LVU2
  40 0002 0A48     		ldr	r0, .L5
  41 0004 0A4B     		ldr	r3, .L5+4
  42 0006 0360     		str	r3, [r0]
  43:Core/Src/usart.c ****   huart1.Init.BaudRate = 115200;
  43              		.loc 1 43 3 is_stmt 1 view .LVU3
  44              		.loc 1 43 24 is_stmt 0 view .LVU4
  45 0008 4FF4E133 		mov	r3, #115200
  46 000c 4360     		str	r3, [r0, #4]
  44:Core/Src/usart.c ****   huart1.Init.WordLength = UART_WORDLENGTH_8B;
  47              		.loc 1 44 3 is_stmt 1 view .LVU5
  48              		.loc 1 44 26 is_stmt 0 view .LVU6
  49 000e 0023     		movs	r3, #0
  50 0010 8360     		str	r3, [r0, #8]
  45:Core/Src/usart.c ****   huart1.Init.StopBits = UART_STOPBITS_1;
  51              		.loc 1 45 3 is_stmt 1 view .LVU7
  52              		.loc 1 45 24 is_stmt 0 view .LVU8
  53 0012 C360     		str	r3, [r0, #12]
  46:Core/Src/usart.c ****   huart1.Init.Parity = UART_PARITY_NONE;
  54              		.loc 1 46 3 is_stmt 1 view .LVU9
  55              		.loc 1 46 22 is_stmt 0 view .LVU10
  56 0014 0361     		str	r3, [r0, #16]
  47:Core/Src/usart.c ****   huart1.Init.Mode = UART_MODE_TX_RX;
  57              		.loc 1 47 3 is_stmt 1 view .LVU11
  58              		.loc 1 47 20 is_stmt 0 view .LVU12
  59 0016 0C22     		movs	r2, #12
  60 0018 4261     		str	r2, [r0, #20]
  48:Core/Src/usart.c ****   huart1.Init.HwFlowCtl = UART_HWCONTROL_NONE;
  61              		.loc 1 48 3 is_stmt 1 view .LVU13
  62              		.loc 1 48 25 is_stmt 0 view .LVU14
  63 001a 8361     		str	r3, [r0, #24]
  49:Core/Src/usart.c ****   huart1.Init.OverSampling = UART_OVERSAMPLING_16;
  64              		.loc 1 49 3 is_stmt 1 view .LVU15
  65              		.loc 1 49 28 is_stmt 0 view .LVU16
  66 001c C361     		str	r3, [r0, #28]
ARM GAS  /tmp/ccvsnYbu.s 			page 3


  50:Core/Src/usart.c ****   if (HAL_UART_Init(&huart1) != HAL_OK)
  67              		.loc 1 50 3 is_stmt 1 view .LVU17
  68              		.loc 1 50 7 is_stmt 0 view .LVU18
  69 001e FFF7FEFF 		bl	HAL_UART_Init
  70              	.LVL0:
  71              		.loc 1 50 6 discriminator 1 view .LVU19
  72 0022 00B9     		cbnz	r0, .L4
  73              	.L1:
  51:Core/Src/usart.c ****   {
  52:Core/Src/usart.c ****     Error_Handler();
  53:Core/Src/usart.c ****   }
  54:Core/Src/usart.c ****   /* USER CODE BEGIN USART1_Init 2 */
  55:Core/Src/usart.c **** 
  56:Core/Src/usart.c ****   /* USER CODE END USART1_Init 2 */
  57:Core/Src/usart.c **** 
  58:Core/Src/usart.c **** }
  74              		.loc 1 58 1 view .LVU20
  75 0024 08BD     		pop	{r3, pc}
  76              	.L4:
  52:Core/Src/usart.c ****   }
  77              		.loc 1 52 5 is_stmt 1 view .LVU21
  78 0026 FFF7FEFF 		bl	Error_Handler
  79              	.LVL1:
  80              		.loc 1 58 1 is_stmt 0 view .LVU22
  81 002a FBE7     		b	.L1
  82              	.L6:
  83              		.align	2
  84              	.L5:
  85 002c 00000000 		.word	huart1
  86 0030 00100140 		.word	1073811456
  87              		.cfi_endproc
  88              	.LFE134:
  90              		.section	.text.HAL_UART_MspInit,"ax",%progbits
  91              		.align	1
  92              		.global	HAL_UART_MspInit
  93              		.syntax unified
  94              		.thumb
  95              		.thumb_func
  97              	HAL_UART_MspInit:
  98              	.LVL2:
  99              	.LFB135:
  59:Core/Src/usart.c **** 
  60:Core/Src/usart.c **** void HAL_UART_MspInit(UART_HandleTypeDef* uartHandle)
  61:Core/Src/usart.c **** {
 100              		.loc 1 61 1 is_stmt 1 view -0
 101              		.cfi_startproc
 102              		@ args = 0, pretend = 0, frame = 32
 103              		@ frame_needed = 0, uses_anonymous_args = 0
 104              		.loc 1 61 1 is_stmt 0 view .LVU24
 105 0000 30B5     		push	{r4, r5, lr}
 106              	.LCFI1:
 107              		.cfi_def_cfa_offset 12
 108              		.cfi_offset 4, -12
 109              		.cfi_offset 5, -8
 110              		.cfi_offset 14, -4
 111 0002 89B0     		sub	sp, sp, #36
 112              	.LCFI2:
ARM GAS  /tmp/ccvsnYbu.s 			page 4


 113              		.cfi_def_cfa_offset 48
  62:Core/Src/usart.c **** 
  63:Core/Src/usart.c ****   GPIO_InitTypeDef GPIO_InitStruct = {0};
 114              		.loc 1 63 3 is_stmt 1 view .LVU25
 115              		.loc 1 63 20 is_stmt 0 view .LVU26
 116 0004 0023     		movs	r3, #0
 117 0006 0393     		str	r3, [sp, #12]
 118 0008 0493     		str	r3, [sp, #16]
 119 000a 0593     		str	r3, [sp, #20]
 120 000c 0693     		str	r3, [sp, #24]
 121 000e 0793     		str	r3, [sp, #28]
  64:Core/Src/usart.c ****   if(uartHandle->Instance==USART1)
 122              		.loc 1 64 3 is_stmt 1 view .LVU27
 123              		.loc 1 64 16 is_stmt 0 view .LVU28
 124 0010 0268     		ldr	r2, [r0]
 125              		.loc 1 64 5 view .LVU29
 126 0012 03F18043 		add	r3, r3, #1073741824
 127 0016 03F58833 		add	r3, r3, #69632
 128 001a 9A42     		cmp	r2, r3
 129 001c 01D0     		beq	.L11
 130              	.LVL3:
 131              	.L7:
  65:Core/Src/usart.c ****   {
  66:Core/Src/usart.c ****   /* USER CODE BEGIN USART1_MspInit 0 */
  67:Core/Src/usart.c **** 
  68:Core/Src/usart.c ****   /* USER CODE END USART1_MspInit 0 */
  69:Core/Src/usart.c ****     /* USART1 clock enable */
  70:Core/Src/usart.c ****     __HAL_RCC_USART1_CLK_ENABLE();
  71:Core/Src/usart.c **** 
  72:Core/Src/usart.c ****     __HAL_RCC_GPIOA_CLK_ENABLE();
  73:Core/Src/usart.c ****     /**USART1 GPIO Configuration
  74:Core/Src/usart.c ****     PA9     ------> USART1_TX
  75:Core/Src/usart.c ****     PA10     ------> USART1_RX
  76:Core/Src/usart.c ****     */
  77:Core/Src/usart.c ****     GPIO_InitStruct.Pin = GPIO_PIN_9|GPIO_PIN_10;
  78:Core/Src/usart.c ****     GPIO_InitStruct.Mode = GPIO_MODE_AF_PP;
  79:Core/Src/usart.c ****     GPIO_InitStruct.Pull = GPIO_NOPULL;
  80:Core/Src/usart.c ****     GPIO_InitStruct.Speed = GPIO_SPEED_FREQ_VERY_HIGH;
  81:Core/Src/usart.c ****     GPIO_InitStruct.Alternate = GPIO_AF7_USART1;
  82:Core/Src/usart.c ****     HAL_GPIO_Init(GPIOA, &GPIO_InitStruct);
  83:Core/Src/usart.c **** 
  84:Core/Src/usart.c ****     /* USART1 DMA Init */
  85:Core/Src/usart.c ****     /* USART1_RX Init */
  86:Core/Src/usart.c ****     hdma_usart1_rx.Instance = DMA2_Stream2;
  87:Core/Src/usart.c ****     hdma_usart1_rx.Init.Channel = DMA_CHANNEL_4;
  88:Core/Src/usart.c ****     hdma_usart1_rx.Init.Direction = DMA_PERIPH_TO_MEMORY;
  89:Core/Src/usart.c ****     hdma_usart1_rx.Init.PeriphInc = DMA_PINC_DISABLE;
  90:Core/Src/usart.c ****     hdma_usart1_rx.Init.MemInc = DMA_MINC_ENABLE;
  91:Core/Src/usart.c ****     hdma_usart1_rx.Init.PeriphDataAlignment = DMA_PDATAALIGN_BYTE;
  92:Core/Src/usart.c ****     hdma_usart1_rx.Init.MemDataAlignment = DMA_MDATAALIGN_BYTE;
  93:Core/Src/usart.c ****     hdma_usart1_rx.Init.Mode = DMA_NORMAL;
  94:Core/Src/usart.c ****     hdma_usart1_rx.Init.Priority = DMA_PRIORITY_LOW;
  95:Core/Src/usart.c ****     hdma_usart1_rx.Init.FIFOMode = DMA_FIFOMODE_DISABLE;
  96:Core/Src/usart.c ****     if (HAL_DMA_Init(&hdma_usart1_rx) != HAL_OK)
  97:Core/Src/usart.c ****     {
  98:Core/Src/usart.c ****       Error_Handler();
  99:Core/Src/usart.c ****     }
ARM GAS  /tmp/ccvsnYbu.s 			page 5


 100:Core/Src/usart.c **** 
 101:Core/Src/usart.c ****     __HAL_LINKDMA(uartHandle,hdmarx,hdma_usart1_rx);
 102:Core/Src/usart.c **** 
 103:Core/Src/usart.c ****     /* USART1 interrupt Init */
 104:Core/Src/usart.c ****     HAL_NVIC_SetPriority(USART1_IRQn, 0, 0);
 105:Core/Src/usart.c ****     HAL_NVIC_EnableIRQ(USART1_IRQn);
 106:Core/Src/usart.c ****   /* USER CODE BEGIN USART1_MspInit 1 */
 107:Core/Src/usart.c **** 
 108:Core/Src/usart.c ****   /* USER CODE END USART1_MspInit 1 */
 109:Core/Src/usart.c ****   }
 110:Core/Src/usart.c **** }
 132              		.loc 1 110 1 view .LVU30
 133 001e 09B0     		add	sp, sp, #36
 134              	.LCFI3:
 135              		.cfi_remember_state
 136              		.cfi_def_cfa_offset 12
 137              		@ sp needed
 138 0020 30BD     		pop	{r4, r5, pc}
 139              	.LVL4:
 140              	.L11:
 141              	.LCFI4:
 142              		.cfi_restore_state
 143              		.loc 1 110 1 view .LVU31
 144 0022 0446     		mov	r4, r0
  70:Core/Src/usart.c **** 
 145              		.loc 1 70 5 is_stmt 1 view .LVU32
 146              	.LBB2:
  70:Core/Src/usart.c **** 
 147              		.loc 1 70 5 view .LVU33
 148 0024 0025     		movs	r5, #0
 149 0026 0195     		str	r5, [sp, #4]
  70:Core/Src/usart.c **** 
 150              		.loc 1 70 5 view .LVU34
 151 0028 03F59433 		add	r3, r3, #75776
 152 002c 5A6C     		ldr	r2, [r3, #68]
 153 002e 42F01002 		orr	r2, r2, #16
 154 0032 5A64     		str	r2, [r3, #68]
  70:Core/Src/usart.c **** 
 155              		.loc 1 70 5 view .LVU35
 156 0034 5A6C     		ldr	r2, [r3, #68]
 157 0036 02F01002 		and	r2, r2, #16
 158 003a 0192     		str	r2, [sp, #4]
  70:Core/Src/usart.c **** 
 159              		.loc 1 70 5 view .LVU36
 160 003c 019A     		ldr	r2, [sp, #4]
 161              	.LBE2:
  70:Core/Src/usart.c **** 
 162              		.loc 1 70 5 view .LVU37
  72:Core/Src/usart.c ****     /**USART1 GPIO Configuration
 163              		.loc 1 72 5 view .LVU38
 164              	.LBB3:
  72:Core/Src/usart.c ****     /**USART1 GPIO Configuration
 165              		.loc 1 72 5 view .LVU39
 166 003e 0295     		str	r5, [sp, #8]
  72:Core/Src/usart.c ****     /**USART1 GPIO Configuration
 167              		.loc 1 72 5 view .LVU40
 168 0040 1A6B     		ldr	r2, [r3, #48]
ARM GAS  /tmp/ccvsnYbu.s 			page 6


 169 0042 42F00102 		orr	r2, r2, #1
 170 0046 1A63     		str	r2, [r3, #48]
  72:Core/Src/usart.c ****     /**USART1 GPIO Configuration
 171              		.loc 1 72 5 view .LVU41
 172 0048 1B6B     		ldr	r3, [r3, #48]
 173 004a 03F00103 		and	r3, r3, #1
 174 004e 0293     		str	r3, [sp, #8]
  72:Core/Src/usart.c ****     /**USART1 GPIO Configuration
 175              		.loc 1 72 5 view .LVU42
 176 0050 029B     		ldr	r3, [sp, #8]
 177              	.LBE3:
  72:Core/Src/usart.c ****     /**USART1 GPIO Configuration
 178              		.loc 1 72 5 view .LVU43
  77:Core/Src/usart.c ****     GPIO_InitStruct.Mode = GPIO_MODE_AF_PP;
 179              		.loc 1 77 5 view .LVU44
  77:Core/Src/usart.c ****     GPIO_InitStruct.Mode = GPIO_MODE_AF_PP;
 180              		.loc 1 77 25 is_stmt 0 view .LVU45
 181 0052 4FF4C063 		mov	r3, #1536
 182 0056 0393     		str	r3, [sp, #12]
  78:Core/Src/usart.c ****     GPIO_InitStruct.Pull = GPIO_NOPULL;
 183              		.loc 1 78 5 is_stmt 1 view .LVU46
  78:Core/Src/usart.c ****     GPIO_InitStruct.Pull = GPIO_NOPULL;
 184              		.loc 1 78 26 is_stmt 0 view .LVU47
 185 0058 0223     		movs	r3, #2
 186 005a 0493     		str	r3, [sp, #16]
  79:Core/Src/usart.c ****     GPIO_InitStruct.Speed = GPIO_SPEED_FREQ_VERY_HIGH;
 187              		.loc 1 79 5 is_stmt 1 view .LVU48
  80:Core/Src/usart.c ****     GPIO_InitStruct.Alternate = GPIO_AF7_USART1;
 188              		.loc 1 80 5 view .LVU49
  80:Core/Src/usart.c ****     GPIO_InitStruct.Alternate = GPIO_AF7_USART1;
 189              		.loc 1 80 27 is_stmt 0 view .LVU50
 190 005c 0323     		movs	r3, #3
 191 005e 0693     		str	r3, [sp, #24]
  81:Core/Src/usart.c ****     HAL_GPIO_Init(GPIOA, &GPIO_InitStruct);
 192              		.loc 1 81 5 is_stmt 1 view .LVU51
  81:Core/Src/usart.c ****     HAL_GPIO_Init(GPIOA, &GPIO_InitStruct);
 193              		.loc 1 81 31 is_stmt 0 view .LVU52
 194 0060 0723     		movs	r3, #7
 195 0062 0793     		str	r3, [sp, #28]
  82:Core/Src/usart.c **** 
 196              		.loc 1 82 5 is_stmt 1 view .LVU53
 197 0064 03A9     		add	r1, sp, #12
 198 0066 1248     		ldr	r0, .L13
 199              	.LVL5:
  82:Core/Src/usart.c **** 
 200              		.loc 1 82 5 is_stmt 0 view .LVU54
 201 0068 FFF7FEFF 		bl	HAL_GPIO_Init
 202              	.LVL6:
  86:Core/Src/usart.c ****     hdma_usart1_rx.Init.Channel = DMA_CHANNEL_4;
 203              		.loc 1 86 5 is_stmt 1 view .LVU55
  86:Core/Src/usart.c ****     hdma_usart1_rx.Init.Channel = DMA_CHANNEL_4;
 204              		.loc 1 86 29 is_stmt 0 view .LVU56
 205 006c 1148     		ldr	r0, .L13+4
 206 006e 124B     		ldr	r3, .L13+8
 207 0070 0360     		str	r3, [r0]
  87:Core/Src/usart.c ****     hdma_usart1_rx.Init.Direction = DMA_PERIPH_TO_MEMORY;
 208              		.loc 1 87 5 is_stmt 1 view .LVU57
ARM GAS  /tmp/ccvsnYbu.s 			page 7


  87:Core/Src/usart.c ****     hdma_usart1_rx.Init.Direction = DMA_PERIPH_TO_MEMORY;
 209              		.loc 1 87 33 is_stmt 0 view .LVU58
 210 0072 4FF00063 		mov	r3, #134217728
 211 0076 4360     		str	r3, [r0, #4]
  88:Core/Src/usart.c ****     hdma_usart1_rx.Init.PeriphInc = DMA_PINC_DISABLE;
 212              		.loc 1 88 5 is_stmt 1 view .LVU59
  88:Core/Src/usart.c ****     hdma_usart1_rx.Init.PeriphInc = DMA_PINC_DISABLE;
 213              		.loc 1 88 35 is_stmt 0 view .LVU60
 214 0078 8560     		str	r5, [r0, #8]
  89:Core/Src/usart.c ****     hdma_usart1_rx.Init.MemInc = DMA_MINC_ENABLE;
 215              		.loc 1 89 5 is_stmt 1 view .LVU61
  89:Core/Src/usart.c ****     hdma_usart1_rx.Init.MemInc = DMA_MINC_ENABLE;
 216              		.loc 1 89 35 is_stmt 0 view .LVU62
 217 007a C560     		str	r5, [r0, #12]
  90:Core/Src/usart.c ****     hdma_usart1_rx.Init.PeriphDataAlignment = DMA_PDATAALIGN_BYTE;
 218              		.loc 1 90 5 is_stmt 1 view .LVU63
  90:Core/Src/usart.c ****     hdma_usart1_rx.Init.PeriphDataAlignment = DMA_PDATAALIGN_BYTE;
 219              		.loc 1 90 32 is_stmt 0 view .LVU64
 220 007c 4FF48063 		mov	r3, #1024
 221 0080 0361     		str	r3, [r0, #16]
  91:Core/Src/usart.c ****     hdma_usart1_rx.Init.MemDataAlignment = DMA_MDATAALIGN_BYTE;
 222              		.loc 1 91 5 is_stmt 1 view .LVU65
  91:Core/Src/usart.c ****     hdma_usart1_rx.Init.MemDataAlignment = DMA_MDATAALIGN_BYTE;
 223              		.loc 1 91 45 is_stmt 0 view .LVU66
 224 0082 4561     		str	r5, [r0, #20]
  92:Core/Src/usart.c ****     hdma_usart1_rx.Init.Mode = DMA_NORMAL;
 225              		.loc 1 92 5 is_stmt 1 view .LVU67
  92:Core/Src/usart.c ****     hdma_usart1_rx.Init.Mode = DMA_NORMAL;
 226              		.loc 1 92 42 is_stmt 0 view .LVU68
 227 0084 8561     		str	r5, [r0, #24]
  93:Core/Src/usart.c ****     hdma_usart1_rx.Init.Priority = DMA_PRIORITY_LOW;
 228              		.loc 1 93 5 is_stmt 1 view .LVU69
  93:Core/Src/usart.c ****     hdma_usart1_rx.Init.Priority = DMA_PRIORITY_LOW;
 229              		.loc 1 93 30 is_stmt 0 view .LVU70
 230 0086 C561     		str	r5, [r0, #28]
  94:Core/Src/usart.c ****     hdma_usart1_rx.Init.FIFOMode = DMA_FIFOMODE_DISABLE;
 231              		.loc 1 94 5 is_stmt 1 view .LVU71
  94:Core/Src/usart.c ****     hdma_usart1_rx.Init.FIFOMode = DMA_FIFOMODE_DISABLE;
 232              		.loc 1 94 34 is_stmt 0 view .LVU72
 233 0088 0562     		str	r5, [r0, #32]
  95:Core/Src/usart.c ****     if (HAL_DMA_Init(&hdma_usart1_rx) != HAL_OK)
 234              		.loc 1 95 5 is_stmt 1 view .LVU73
  95:Core/Src/usart.c ****     if (HAL_DMA_Init(&hdma_usart1_rx) != HAL_OK)
 235              		.loc 1 95 34 is_stmt 0 view .LVU74
 236 008a 4562     		str	r5, [r0, #36]
  96:Core/Src/usart.c ****     {
 237              		.loc 1 96 5 is_stmt 1 view .LVU75
  96:Core/Src/usart.c ****     {
 238              		.loc 1 96 9 is_stmt 0 view .LVU76
 239 008c FFF7FEFF 		bl	HAL_DMA_Init
 240              	.LVL7:
  96:Core/Src/usart.c ****     {
 241              		.loc 1 96 8 discriminator 1 view .LVU77
 242 0090 58B9     		cbnz	r0, .L12
 243              	.L9:
 101:Core/Src/usart.c **** 
 244              		.loc 1 101 5 is_stmt 1 view .LVU78
ARM GAS  /tmp/ccvsnYbu.s 			page 8


 101:Core/Src/usart.c **** 
 245              		.loc 1 101 5 view .LVU79
 246 0092 084B     		ldr	r3, .L13+4
 247 0094 E363     		str	r3, [r4, #60]
 101:Core/Src/usart.c **** 
 248              		.loc 1 101 5 view .LVU80
 249 0096 9C63     		str	r4, [r3, #56]
 101:Core/Src/usart.c **** 
 250              		.loc 1 101 5 view .LVU81
 104:Core/Src/usart.c ****     HAL_NVIC_EnableIRQ(USART1_IRQn);
 251              		.loc 1 104 5 view .LVU82
 252 0098 0022     		movs	r2, #0
 253 009a 1146     		mov	r1, r2
 254 009c 2520     		movs	r0, #37
 255 009e FFF7FEFF 		bl	HAL_NVIC_SetPriority
 256              	.LVL8:
 105:Core/Src/usart.c ****   /* USER CODE BEGIN USART1_MspInit 1 */
 257              		.loc 1 105 5 view .LVU83
 258 00a2 2520     		movs	r0, #37
 259 00a4 FFF7FEFF 		bl	HAL_NVIC_EnableIRQ
 260              	.LVL9:
 261              		.loc 1 110 1 is_stmt 0 view .LVU84
 262 00a8 B9E7     		b	.L7
 263              	.L12:
  98:Core/Src/usart.c ****     }
 264              		.loc 1 98 7 is_stmt 1 view .LVU85
 265 00aa FFF7FEFF 		bl	Error_Handler
 266              	.LVL10:
 267 00ae F0E7     		b	.L9
 268              	.L14:
 269              		.align	2
 270              	.L13:
 271 00b0 00000240 		.word	1073872896
 272 00b4 00000000 		.word	hdma_usart1_rx
 273 00b8 40640240 		.word	1073898560
 274              		.cfi_endproc
 275              	.LFE135:
 277              		.section	.text.HAL_UART_MspDeInit,"ax",%progbits
 278              		.align	1
 279              		.global	HAL_UART_MspDeInit
 280              		.syntax unified
 281              		.thumb
 282              		.thumb_func
 284              	HAL_UART_MspDeInit:
 285              	.LVL11:
 286              	.LFB136:
 111:Core/Src/usart.c **** 
 112:Core/Src/usart.c **** void HAL_UART_MspDeInit(UART_HandleTypeDef* uartHandle)
 113:Core/Src/usart.c **** {
 287              		.loc 1 113 1 view -0
 288              		.cfi_startproc
 289              		@ args = 0, pretend = 0, frame = 0
 290              		@ frame_needed = 0, uses_anonymous_args = 0
 114:Core/Src/usart.c **** 
 115:Core/Src/usart.c ****   if(uartHandle->Instance==USART1)
 291              		.loc 1 115 3 view .LVU87
 292              		.loc 1 115 16 is_stmt 0 view .LVU88
ARM GAS  /tmp/ccvsnYbu.s 			page 9


 293 0000 0268     		ldr	r2, [r0]
 294              		.loc 1 115 5 view .LVU89
 295 0002 0B4B     		ldr	r3, .L22
 296 0004 9A42     		cmp	r2, r3
 297 0006 00D0     		beq	.L21
 298 0008 7047     		bx	lr
 299              	.L21:
 113:Core/Src/usart.c **** 
 300              		.loc 1 113 1 view .LVU90
 301 000a 10B5     		push	{r4, lr}
 302              	.LCFI5:
 303              		.cfi_def_cfa_offset 8
 304              		.cfi_offset 4, -8
 305              		.cfi_offset 14, -4
 306 000c 0446     		mov	r4, r0
 116:Core/Src/usart.c ****   {
 117:Core/Src/usart.c ****   /* USER CODE BEGIN USART1_MspDeInit 0 */
 118:Core/Src/usart.c **** 
 119:Core/Src/usart.c ****   /* USER CODE END USART1_MspDeInit 0 */
 120:Core/Src/usart.c ****     /* Peripheral clock disable */
 121:Core/Src/usart.c ****     __HAL_RCC_USART1_CLK_DISABLE();
 307              		.loc 1 121 5 is_stmt 1 view .LVU91
 308 000e 094A     		ldr	r2, .L22+4
 309 0010 536C     		ldr	r3, [r2, #68]
 310 0012 23F01003 		bic	r3, r3, #16
 311 0016 5364     		str	r3, [r2, #68]
 122:Core/Src/usart.c **** 
 123:Core/Src/usart.c ****     /**USART1 GPIO Configuration
 124:Core/Src/usart.c ****     PA9     ------> USART1_TX
 125:Core/Src/usart.c ****     PA10     ------> USART1_RX
 126:Core/Src/usart.c ****     */
 127:Core/Src/usart.c ****     HAL_GPIO_DeInit(GPIOA, GPIO_PIN_9|GPIO_PIN_10);
 312              		.loc 1 127 5 view .LVU92
 313 0018 4FF4C061 		mov	r1, #1536
 314 001c 0648     		ldr	r0, .L22+8
 315              	.LVL12:
 316              		.loc 1 127 5 is_stmt 0 view .LVU93
 317 001e FFF7FEFF 		bl	HAL_GPIO_DeInit
 318              	.LVL13:
 128:Core/Src/usart.c **** 
 129:Core/Src/usart.c ****     /* USART1 DMA DeInit */
 130:Core/Src/usart.c ****     HAL_DMA_DeInit(uartHandle->hdmarx);
 319              		.loc 1 130 5 is_stmt 1 view .LVU94
 320 0022 E06B     		ldr	r0, [r4, #60]
 321 0024 FFF7FEFF 		bl	HAL_DMA_DeInit
 322              	.LVL14:
 131:Core/Src/usart.c **** 
 132:Core/Src/usart.c ****     /* USART1 interrupt Deinit */
 133:Core/Src/usart.c ****     HAL_NVIC_DisableIRQ(USART1_IRQn);
 323              		.loc 1 133 5 view .LVU95
 324 0028 2520     		movs	r0, #37
 325 002a FFF7FEFF 		bl	HAL_NVIC_DisableIRQ
 326              	.LVL15:
 134:Core/Src/usart.c ****   /* USER CODE BEGIN USART1_MspDeInit 1 */
 135:Core/Src/usart.c **** 
 136:Core/Src/usart.c ****   /* USER CODE END USART1_MspDeInit 1 */
 137:Core/Src/usart.c ****   }
ARM GAS  /tmp/ccvsnYbu.s 			page 10


 138:Core/Src/usart.c **** }
 327              		.loc 1 138 1 is_stmt 0 view .LVU96
 328 002e 10BD     		pop	{r4, pc}
 329              	.LVL16:
 330              	.L23:
 331              		.loc 1 138 1 view .LVU97
 332              		.align	2
 333              	.L22:
 334 0030 00100140 		.word	1073811456
 335 0034 00380240 		.word	1073887232
 336 0038 00000240 		.word	1073872896
 337              		.cfi_endproc
 338              	.LFE136:
 340              		.global	hdma_usart1_rx
 341              		.section	.bss.hdma_usart1_rx,"aw",%nobits
 342              		.align	2
 345              	hdma_usart1_rx:
 346 0000 00000000 		.space	96
 346      00000000 
 346      00000000 
 346      00000000 
 346      00000000 
 347              		.global	huart1
 348              		.section	.bss.huart1,"aw",%nobits
 349              		.align	2
 352              	huart1:
 353 0000 00000000 		.space	72
 353      00000000 
 353      00000000 
 353      00000000 
 353      00000000 
 354              		.text
 355              	.Letext0:
 356              		.file 2 "Drivers/CMSIS/Device/ST/STM32F4xx/Include/stm32f407xx.h"
 357              		.file 3 "/usr/arm-none-eabi/include/machine/_default_types.h"
 358              		.file 4 "/usr/arm-none-eabi/include/sys/_stdint.h"
 359              		.file 5 "Drivers/STM32F4xx_HAL_Driver/Inc/stm32f4xx_hal_def.h"
 360              		.file 6 "Drivers/STM32F4xx_HAL_Driver/Inc/stm32f4xx_hal_gpio.h"
 361              		.file 7 "Drivers/STM32F4xx_HAL_Driver/Inc/stm32f4xx_hal_dma.h"
 362              		.file 8 "Drivers/STM32F4xx_HAL_Driver/Inc/stm32f4xx_hal_uart.h"
 363              		.file 9 "Core/Inc/usart.h"
 364              		.file 10 "Drivers/STM32F4xx_HAL_Driver/Inc/stm32f4xx_hal_cortex.h"
 365              		.file 11 "Core/Inc/main.h"
ARM GAS  /tmp/ccvsnYbu.s 			page 11


DEFINED SYMBOLS
                            *ABS*:00000000 usart.c
     /tmp/ccvsnYbu.s:21     .text.MX_USART1_UART_Init:00000000 $t
     /tmp/ccvsnYbu.s:27     .text.MX_USART1_UART_Init:00000000 MX_USART1_UART_Init
     /tmp/ccvsnYbu.s:85     .text.MX_USART1_UART_Init:0000002c $d
     /tmp/ccvsnYbu.s:352    .bss.huart1:00000000 huart1
     /tmp/ccvsnYbu.s:91     .text.HAL_UART_MspInit:00000000 $t
     /tmp/ccvsnYbu.s:97     .text.HAL_UART_MspInit:00000000 HAL_UART_MspInit
     /tmp/ccvsnYbu.s:271    .text.HAL_UART_MspInit:000000b0 $d
     /tmp/ccvsnYbu.s:345    .bss.hdma_usart1_rx:00000000 hdma_usart1_rx
     /tmp/ccvsnYbu.s:278    .text.HAL_UART_MspDeInit:00000000 $t
     /tmp/ccvsnYbu.s:284    .text.HAL_UART_MspDeInit:00000000 HAL_UART_MspDeInit
     /tmp/ccvsnYbu.s:334    .text.HAL_UART_MspDeInit:00000030 $d
     /tmp/ccvsnYbu.s:342    .bss.hdma_usart1_rx:00000000 $d
     /tmp/ccvsnYbu.s:349    .bss.huart1:00000000 $d

UNDEFINED SYMBOLS
HAL_UART_Init
Error_Handler
HAL_GPIO_Init
HAL_DMA_Init
HAL_NVIC_SetPriority
HAL_NVIC_EnableIRQ
HAL_GPIO_DeInit
HAL_DMA_DeInit
HAL_NVIC_DisableIRQ
